
  \{^_^}/ hi!

  Loading server/db.json
  Done

  Resources
  http://localhost:5019/users

  Home
  http://localhost:5019

  Type s + enter at any time to create a snapshot of the database
  Watching...


  \{^_^}/ hi!

  Loading server/db.json
  Done

  Resources
  http://localhost:3000/users

  Home
  http://localhost:3000

  Type s + enter at any time to create a snapshot of the database
  Watching...


  \{^_^}/ hi!

  Loading server/db.json
  Done

  Resources
  http://localhost:5019/users

  Home
  http://localhost:5019

  Type s + enter at any time to create a snapshot of the database
  Watching...

